[2025-06-08 13:15:15] User 2: Đăng nhập thành công
[2025-06-08 13:17:45] User 3: Đăng nhập thành công
[2025-06-08 14:21:11] User 0: Đăng ký tài khoản thành công - MSSV: 2204945
[2025-06-08 14:21:28] User 4: Đăng nhập thành công - MSSV: 2204945
[2025-06-08 14:30:28] User 0: Đăng ký tài khoản thành công - MSSV: b2204949
[2025-06-08 14:30:36] User 5: Đăng nhập thành công - MSSV: b2204949
[2025-06-08 16:21:15] User 5: Cập nhật thông tin cá nhân
[2025-06-08 16:34:15] User 5: Cập nhật thông tin cá nhân
[2025-06-08 20:32:47] User 0: Đăng ký tài khoản thành công - MSSV: b2204945
[2025-06-08 20:32:55] User 6: Đăng nhập thành công - MSSV: b2204945
[2025-06-08 20:46:44] User 2: Đăng nhập thành công - MSSV: b2204945
[2025-06-09 09:22:42] User 2: Đăng nhập thành công - MSSV: b2204945
[2025-06-09 11:35:24] User 2: Cập nhật thông tin cá nhân
[2025-06-09 11:35:26] User 2: Cập nhật thông tin cá nhân
[2025-06-09 11:35:32] User 2: Cập nhật thông tin cá nhân
[2025-06-09 11:36:14] User 2: Cập nhật thông tin cá nhân
[2025-06-09 12:27:32] User 2: Cập nhật thông tin cá nhân
[2025-06-17 09:03:13] User 2: Đăng nhập thành công - MSSV: b2204945
[2025-07-06 05:51:58] User 4: import_ics - Import ICS: 0 thành công, 0 trùng lặp, 15 lỗi
[2025-07-06 05:52:10] User 4: import_ics - Import ICS: 0 thành công, 0 trùng lặp, 116 lỗi
[2025-07-06 05:52:23] User 4: import_ics - Import ICS: 0 thành công, 0 trùng lặp, 116 lỗi
[2025-07-06 05:57:15] User 4: import_ics - Import ICS: 0 thành công, 0 trùng lặp, 116 lỗi
[2025-07-06 06:17:37] User 4: import_ics - Import ICS: 0 thành công, 0 trùng lặp, 116 lỗi
[2025-07-06 06:21:31] User 4: import_ics - Import ICS: 0 thành công, 0 trùng lặp, 116 lỗi
[2025-07-06 06:26:30] User 4: import_ics - Import ICS: 0 thành công, 0 trùng lặp, 116 lỗi
[2025-07-06 06:28:09] User 0: Đăng ký tài khoản thành công - MSSV: b2204940
[2025-07-06 06:28:33] User 4: Đăng nhập thành công - MSSV: b2204940
[2025-07-06 06:28:41] User 4: import_ics - Import ICS: 10 thành công, 106 trùng lặp, 0 lỗi
